<?xml version="1.0" encoding="UTF-8"?>
<robot generator="Robot 6.0.2 (Python 3.10.4 on win32)" generated="20230214 13:53:18.631" rpa="false" schemaversion="3">
<suite id="s1" name="LAST MINUTE D" source="C:\Users\KDK\Desktop\Robot_Start\Robot_Framework_Start\LAST_MINUTE_D.robot">
<test id="s1-t1" name="Test LM is Displayed" line="60">
<kw name="Open Browser" library="SeleniumLibrary">
<arg>${url}</arg>
<arg>${browser}</arg>
<doc>Opens a new browser instance to the optional ``url``.</doc>
<msg timestamp="20230214 13:53:18.871" level="INFO">Opening browser 'Chrome' to base url 'https://www.fischer.cz/last-minute'.</msg>
<status status="PASS" starttime="20230214 13:53:18.871" endtime="20230214 13:53:24.430"/>
</kw>
<kw name="Maximize Browser Window" library="SeleniumLibrary">
<doc>Maximizes current browser window.</doc>
<status status="PASS" starttime="20230214 13:53:24.430" endtime="20230214 13:53:24.625"/>
</kw>
<kw name="Sleep" library="BuiltIn">
<arg>10s</arg>
<doc>Pauses the test executed for the given time.</doc>
<msg timestamp="20230214 13:53:34.628" level="INFO">Slept 10 seconds</msg>
<status status="PASS" starttime="20230214 13:53:24.626" endtime="20230214 13:53:34.628"/>
</kw>
<kw name="Get WebElements">
<var>${zajezdyLMsingle}</var>
<arg>${browser}</arg>
<arg>//[@class='page-tour']</arg>
<kw name="Wait Until Page Contains Element">
<arg>${locator}</arg>
<arg>timeout=20s</arg>
<kw name="Convert To Integer">
<var>${timeout}</var>
<arg>${timeout}</arg>
<kw name="Convert To Integer">
<var>${integer}</var>
<arg>${string}</arg>
<kw name="Convert To Integer">
<var>${integer}</var>
<arg>${string}</arg>
<kw name="Convert To Integer">
<var>${integer}</var>
<arg>${string}</arg>
<kw name="Convert To Integer">
<var>${integer}</var>
<arg>${string}</arg>
<kw name="Convert To Integer">
<var>${integer}</var>
<arg>${string}</arg>
<kw name="Convert To Integer">
<var>${integer}</var>
<arg>${string}</arg>
<kw name="Convert To Integer">
<var>${integer}</var>
<arg>${string}</arg>
<kw name="Convert To Integer">
<var>${integer}</var>
<arg>${string}</arg>
<kw name="Convert To Integer">
<var>${integer}</var>
<arg>${string}</arg>
<kw name="Convert To Integer">
<var>${integer}</var>
<arg>${string}</arg>
<kw name="Convert To Integer">
<var>${integer}</var>
<arg>${string}</arg>
<kw name="Convert To Integer">
<var>${integer}</var>
<arg>${string}</arg>
<kw name="Convert To Integer">
<var>${integer}</var>
<arg>${string}</arg>
<kw name="Convert To Integer">
<var>${integer}</var>
<arg>${string}</arg>
<kw name="Convert To Integer">
<var>${integer}</var>
<arg>${string}</arg>
<kw name="Convert To Integer">
<var>${integer}</var>
<arg>${string}</arg>
<kw name="Convert To Integer">
<var>${integer}</var>
<arg>${string}</arg>
<kw name="Convert To Integer">
<var>${integer}</var>
<arg>${string}</arg>
<kw name="Convert To Integer">
<var>${integer}</var>
<arg>${string}</arg>
<kw name="Convert To Integer">
<var>${integer}</var>
<arg>${string}</arg>
<kw name="Convert To Integer">
<var>${integer}</var>
<arg>${string}</arg>
<kw name="Convert To Integer">
<var>${integer}</var>
<arg>${string}</arg>
<kw name="Convert To Integer">
<var>${integer}</var>
<arg>${string}</arg>
<kw name="Convert To Integer">
<var>${integer}</var>
<arg>${string}</arg>
<kw name="Convert To Integer">
<var>${integer}</var>
<arg>${string}</arg>
<kw name="Convert To Integer">
<var>${integer}</var>
<arg>${string}</arg>
<kw name="Convert To Integer">
<var>${integer}</var>
<arg>${string}</arg>
<kw name="Convert To Integer">
<var>${integer}</var>
<arg>${string}</arg>
<kw name="Convert To Integer">
<var>${integer}</var>
<arg>${string}</arg>
<kw name="Convert To Integer">
<var>${integer}</var>
<arg>${string}</arg>
<kw name="Convert To Integer">
<var>${integer}</var>
<arg>${string}</arg>
<kw name="Convert To Integer">
<var>${integer}</var>
<arg>${string}</arg>
<kw name="Convert To Integer">
<var>${integer}</var>
<arg>${string}</arg>
<kw name="Convert To Integer">
<var>${integer}</var>
<arg>${string}</arg>
<kw name="Convert To Integer">
<var>${integer}</var>
<arg>${string}</arg>
<kw name="Convert To Integer">
<var>${integer}</var>
<arg>${string}</arg>
<kw name="Convert To Integer">
<var>${integer}</var>
<arg>${string}</arg>
<kw name="Convert To Integer">
<var>${integer}</var>
<arg>${string}</arg>
<kw name="Convert To Integer">
<var>${integer}</var>
<arg>${string}</arg>
<kw name="Convert To Integer">
<var>${integer}</var>
<arg>${string}</arg>
<kw name="Convert To Integer">
<var>${integer}</var>
<arg>${string}</arg>
<kw name="Convert To Integer">
<var>${integer}</var>
<arg>${string}</arg>
<kw name="Convert To Integer">
<var>${integer}</var>
<arg>${string}</arg>
<kw name="Convert To Integer">
<var>${integer}</var>
<arg>${string}</arg>
<kw name="Convert To Integer">
<var>${integer}</var>
<arg>${string}</arg>
<kw name="Convert To Integer">
<var>${integer}</var>
<arg>${string}</arg>
<kw name="Convert To Integer">
<var>${integer}</var>
<arg>${string}</arg>
<kw name="Convert To Integer">
<var>${integer}</var>
<arg>${string}</arg>
<kw name="Convert To Integer">
<var>${integer}</var>
<arg>${string}</arg>
<kw name="Convert To Integer">
<var>${integer}</var>
<arg>${string}</arg>
<kw name="Convert To Integer">
<var>${integer}</var>
<arg>${string}</arg>
<kw name="Convert To Integer">
<var>${integer}</var>
<arg>${string}</arg>
<kw name="Convert To Integer">
<var>${integer}</var>
<arg>${string}</arg>
<kw name="Convert To Integer">
<var>${integer}</var>
<arg>${string}</arg>
<kw name="Convert To Integer">
<var>${integer}</var>
<arg>${string}</arg>
<kw name="Convert To Integer">
<var>${integer}</var>
<arg>${string}</arg>
<kw name="Convert To Integer">
<var>${integer}</var>
<arg>${string}</arg>
<kw name="Convert To Integer">
<var>${integer}</var>
<arg>${string}</arg>
<kw name="Convert To Integer">
<var>${integer}</var>
<arg>${string}</arg>
<kw name="Convert To Integer">
<var>${integer}</var>
<arg>${string}</arg>
<kw name="Convert To Integer">
<var>${integer}</var>
<arg>${string}</arg>
<kw name="Convert To Integer">
<var>${integer}</var>
<arg>${string}</arg>
<kw name="Convert To Integer">
<var>${integer}</var>
<arg>${string}</arg>
<kw name="Convert To Integer">
<var>${integer}</var>
<arg>${string}</arg>
<kw name="Convert To Integer">
<var>${integer}</var>
<arg>${string}</arg>
<kw name="Convert To Integer">
<var>${integer}</var>
<arg>${string}</arg>
<kw name="Convert To Integer">
<var>${integer}</var>
<arg>${string}</arg>
<kw name="Convert To Integer">
<var>${integer}</var>
<arg>${string}</arg>
<kw name="Convert To Integer">
<var>${integer}</var>
<arg>${string}</arg>
<kw name="Convert To Integer">
<var>${integer}</var>
<arg>${string}</arg>
<kw name="Convert To Integer">
<var>${integer}</var>
<arg>${string}</arg>
<kw name="Convert To Integer">
<var>${integer}</var>
<arg>${string}</arg>
<kw name="Convert To Integer">
<var>${integer}</var>
<arg>${string}</arg>
<kw name="Convert To Integer">
<var>${integer}</var>
<arg>${string}</arg>
<kw name="Convert To Integer">
<var>${integer}</var>
<arg>${string}</arg>
<kw name="Convert To Integer">
<var>${integer}</var>
<arg>${string}</arg>
<kw name="Convert To Integer">
<var>${integer}</var>
<arg>${string}</arg>
<kw name="Convert To Integer">
<var>${integer}</var>
<arg>${string}</arg>
<kw name="Convert To Integer">
<var>${integer}</var>
<arg>${string}</arg>
<kw name="Convert To Integer">
<var>${integer}</var>
<arg>${string}</arg>
<kw name="Convert To Integer">
<var>${integer}</var>
<arg>${string}</arg>
<kw name="Convert To Integer">
<var>${integer}</var>
<arg>${string}</arg>
<kw name="Convert To Integer">
<var>${integer}</var>
<arg>${string}</arg>
<kw name="Convert To Integer">
<var>${integer}</var>
<arg>${string}</arg>
<kw name="Convert To Integer">
<var>${integer}</var>
<arg>${string}</arg>
<kw name="Convert To Integer">
<var>${integer}</var>
<arg>${string}</arg>
<kw name="Convert To Integer">
<var>${integer}</var>
<arg>${string}</arg>
<kw name="Convert To Integer">
<var>${integer}</var>
<arg>${string}</arg>
<kw name="Convert To Integer">
<var>${integer}</var>
<arg>${string}</arg>
<kw name="Convert To Integer">
<var>${integer}</var>
<arg>${string}</arg>
<kw name="Convert To Integer">
<var>${integer}</var>
<arg>${string}</arg>
<kw name="Convert To Integer">
<var>${integer}</var>
<arg>${string}</arg>
<kw name="Convert To Integer">
<var>${integer}</var>
<arg>${string}</arg>
<kw name="Convert To Integer">
<var>${integer}</var>
<arg>${string}</arg>
<kw name="Convert To Integer">
<var>${integer}</var>
<arg>${string}</arg>
<kw name="Convert To Integer">
<var>${integer}</var>
<arg>${string}</arg>
<kw name="Convert To Integer">
<var>${integer}</var>
<arg>${string}</arg>
<msg timestamp="20230214 13:53:34.662" level="FAIL">Maximum limit of started keywords and control structures exceeded.</msg>
<status status="FAIL" starttime="20230214 13:53:34.661" endtime="20230214 13:53:34.662"/>
</kw>
<status status="FAIL" starttime="20230214 13:53:34.661" endtime="20230214 13:53:34.662"/>
</kw>
<status status="FAIL" starttime="20230214 13:53:34.661" endtime="20230214 13:53:34.662"/>
</kw>
<status status="FAIL" starttime="20230214 13:53:34.660" endtime="20230214 13:53:34.662"/>
</kw>
<status status="FAIL" starttime="20230214 13:53:34.660" endtime="20230214 13:53:34.663"/>
</kw>
<status status="FAIL" starttime="20230214 13:53:34.660" endtime="20230214 13:53:34.663"/>
</kw>
<status status="FAIL" starttime="20230214 13:53:34.660" endtime="20230214 13:53:34.663"/>
</kw>
<status status="FAIL" starttime="20230214 13:53:34.659" endtime="20230214 13:53:34.663"/>
</kw>
<status status="FAIL" starttime="20230214 13:53:34.659" endtime="20230214 13:53:34.663"/>
</kw>
<status status="FAIL" starttime="20230214 13:53:34.659" endtime="20230214 13:53:34.664"/>
</kw>
<status status="FAIL" starttime="20230214 13:53:34.658" endtime="20230214 13:53:34.664"/>
</kw>
<status status="FAIL" starttime="20230214 13:53:34.658" endtime="20230214 13:53:34.664"/>
</kw>
<status status="FAIL" starttime="20230214 13:53:34.658" endtime="20230214 13:53:34.664"/>
</kw>
<status status="FAIL" starttime="20230214 13:53:34.658" endtime="20230214 13:53:34.665"/>
</kw>
<status status="FAIL" starttime="20230214 13:53:34.657" endtime="20230214 13:53:34.665"/>
</kw>
<status status="FAIL" starttime="20230214 13:53:34.657" endtime="20230214 13:53:34.665"/>
</kw>
<status status="FAIL" starttime="20230214 13:53:34.657" endtime="20230214 13:53:34.665"/>
</kw>
<status status="FAIL" starttime="20230214 13:53:34.656" endtime="20230214 13:53:34.666"/>
</kw>
<status status="FAIL" starttime="20230214 13:53:34.656" endtime="20230214 13:53:34.666"/>
</kw>
<status status="FAIL" starttime="20230214 13:53:34.656" endtime="20230214 13:53:34.666"/>
</kw>
<status status="FAIL" starttime="20230214 13:53:34.655" endtime="20230214 13:53:34.666"/>
</kw>
<status status="FAIL" starttime="20230214 13:53:34.655" endtime="20230214 13:53:34.666"/>
</kw>
<status status="FAIL" starttime="20230214 13:53:34.655" endtime="20230214 13:53:34.667"/>
</kw>
<status status="FAIL" starttime="20230214 13:53:34.654" endtime="20230214 13:53:34.667"/>
</kw>
<status status="FAIL" starttime="20230214 13:53:34.654" endtime="20230214 13:53:34.667"/>
</kw>
<status status="FAIL" starttime="20230214 13:53:34.654" endtime="20230214 13:53:34.667"/>
</kw>
<status status="FAIL" starttime="20230214 13:53:34.653" endtime="20230214 13:53:34.667"/>
</kw>
<status status="FAIL" starttime="20230214 13:53:34.653" endtime="20230214 13:53:34.668"/>
</kw>
<status status="FAIL" starttime="20230214 13:53:34.653" endtime="20230214 13:53:34.668"/>
</kw>
<status status="FAIL" starttime="20230214 13:53:34.652" endtime="20230214 13:53:34.668"/>
</kw>
<status status="FAIL" starttime="20230214 13:53:34.652" endtime="20230214 13:53:34.668"/>
</kw>
<status status="FAIL" starttime="20230214 13:53:34.652" endtime="20230214 13:53:34.668"/>
</kw>
<status status="FAIL" starttime="20230214 13:53:34.651" endtime="20230214 13:53:34.669"/>
</kw>
<status status="FAIL" starttime="20230214 13:53:34.651" endtime="20230214 13:53:34.669"/>
</kw>
<status status="FAIL" starttime="20230214 13:53:34.651" endtime="20230214 13:53:34.669"/>
</kw>
<status status="FAIL" starttime="20230214 13:53:34.650" endtime="20230214 13:53:34.669"/>
</kw>
<status status="FAIL" starttime="20230214 13:53:34.650" endtime="20230214 13:53:34.669"/>
</kw>
<status status="FAIL" starttime="20230214 13:53:34.650" endtime="20230214 13:53:34.669"/>
</kw>
<status status="FAIL" starttime="20230214 13:53:34.649" endtime="20230214 13:53:34.670"/>
</kw>
<status status="FAIL" starttime="20230214 13:53:34.649" endtime="20230214 13:53:34.670"/>
</kw>
<status status="FAIL" starttime="20230214 13:53:34.649" endtime="20230214 13:53:34.670"/>
</kw>
<status status="FAIL" starttime="20230214 13:53:34.648" endtime="20230214 13:53:34.670"/>
</kw>
<status status="FAIL" starttime="20230214 13:53:34.648" endtime="20230214 13:53:34.670"/>
</kw>
<status status="FAIL" starttime="20230214 13:53:34.648" endtime="20230214 13:53:34.670"/>
</kw>
<status status="FAIL" starttime="20230214 13:53:34.648" endtime="20230214 13:53:34.671"/>
</kw>
<status status="FAIL" starttime="20230214 13:53:34.647" endtime="20230214 13:53:34.671"/>
</kw>
<status status="FAIL" starttime="20230214 13:53:34.647" endtime="20230214 13:53:34.671"/>
</kw>
<status status="FAIL" starttime="20230214 13:53:34.647" endtime="20230214 13:53:34.671"/>
</kw>
<status status="FAIL" starttime="20230214 13:53:34.646" endtime="20230214 13:53:34.671"/>
</kw>
<status status="FAIL" starttime="20230214 13:53:34.646" endtime="20230214 13:53:34.671"/>
</kw>
<status status="FAIL" starttime="20230214 13:53:34.646" endtime="20230214 13:53:34.672"/>
</kw>
<status status="FAIL" starttime="20230214 13:53:34.646" endtime="20230214 13:53:34.672"/>
</kw>
<status status="FAIL" starttime="20230214 13:53:34.645" endtime="20230214 13:53:34.672"/>
</kw>
<status status="FAIL" starttime="20230214 13:53:34.645" endtime="20230214 13:53:34.672"/>
</kw>
<status status="FAIL" starttime="20230214 13:53:34.645" endtime="20230214 13:53:34.672"/>
</kw>
<status status="FAIL" starttime="20230214 13:53:34.645" endtime="20230214 13:53:34.673"/>
</kw>
<status status="FAIL" starttime="20230214 13:53:34.644" endtime="20230214 13:53:34.673"/>
</kw>
<status status="FAIL" starttime="20230214 13:53:34.644" endtime="20230214 13:53:34.673"/>
</kw>
<status status="FAIL" starttime="20230214 13:53:34.643" endtime="20230214 13:53:34.673"/>
</kw>
<status status="FAIL" starttime="20230214 13:53:34.643" endtime="20230214 13:53:34.673"/>
</kw>
<status status="FAIL" starttime="20230214 13:53:34.643" endtime="20230214 13:53:34.673"/>
</kw>
<status status="FAIL" starttime="20230214 13:53:34.643" endtime="20230214 13:53:34.673"/>
</kw>
<status status="FAIL" starttime="20230214 13:53:34.642" endtime="20230214 13:53:34.674"/>
</kw>
<status status="FAIL" starttime="20230214 13:53:34.642" endtime="20230214 13:53:34.674"/>
</kw>
<status status="FAIL" starttime="20230214 13:53:34.642" endtime="20230214 13:53:34.674"/>
</kw>
<status status="FAIL" starttime="20230214 13:53:34.641" endtime="20230214 13:53:34.674"/>
</kw>
<status status="FAIL" starttime="20230214 13:53:34.641" endtime="20230214 13:53:34.674"/>
</kw>
<status status="FAIL" starttime="20230214 13:53:34.641" endtime="20230214 13:53:34.674"/>
</kw>
<status status="FAIL" starttime="20230214 13:53:34.641" endtime="20230214 13:53:34.675"/>
</kw>
<status status="FAIL" starttime="20230214 13:53:34.640" endtime="20230214 13:53:34.675"/>
</kw>
<status status="FAIL" starttime="20230214 13:53:34.640" endtime="20230214 13:53:34.675"/>
</kw>
<status status="FAIL" starttime="20230214 13:53:34.639" endtime="20230214 13:53:34.675"/>
</kw>
<status status="FAIL" starttime="20230214 13:53:34.639" endtime="20230214 13:53:34.675"/>
</kw>
<status status="FAIL" starttime="20230214 13:53:34.639" endtime="20230214 13:53:34.675"/>
</kw>
<status status="FAIL" starttime="20230214 13:53:34.638" endtime="20230214 13:53:34.675"/>
</kw>
<status status="FAIL" starttime="20230214 13:53:34.638" endtime="20230214 13:53:34.676"/>
</kw>
<status status="FAIL" starttime="20230214 13:53:34.638" endtime="20230214 13:53:34.676"/>
</kw>
<status status="FAIL" starttime="20230214 13:53:34.637" endtime="20230214 13:53:34.676"/>
</kw>
<status status="FAIL" starttime="20230214 13:53:34.637" endtime="20230214 13:53:34.676"/>
</kw>
<status status="FAIL" starttime="20230214 13:53:34.636" endtime="20230214 13:53:34.676"/>
</kw>
<status status="FAIL" starttime="20230214 13:53:34.636" endtime="20230214 13:53:34.677"/>
</kw>
<status status="FAIL" starttime="20230214 13:53:34.636" endtime="20230214 13:53:34.677"/>
</kw>
<status status="FAIL" starttime="20230214 13:53:34.635" endtime="20230214 13:53:34.677"/>
</kw>
<status status="FAIL" starttime="20230214 13:53:34.635" endtime="20230214 13:53:34.677"/>
</kw>
<status status="FAIL" starttime="20230214 13:53:34.635" endtime="20230214 13:53:34.677"/>
</kw>
<status status="FAIL" starttime="20230214 13:53:34.634" endtime="20230214 13:53:34.677"/>
</kw>
<status status="FAIL" starttime="20230214 13:53:34.634" endtime="20230214 13:53:34.677"/>
</kw>
<status status="FAIL" starttime="20230214 13:53:34.634" endtime="20230214 13:53:34.678"/>
</kw>
<status status="FAIL" starttime="20230214 13:53:34.632" endtime="20230214 13:53:34.678"/>
</kw>
<status status="FAIL" starttime="20230214 13:53:34.632" endtime="20230214 13:53:34.678"/>
</kw>
<status status="FAIL" starttime="20230214 13:53:34.632" endtime="20230214 13:53:34.678"/>
</kw>
<status status="FAIL" starttime="20230214 13:53:34.632" endtime="20230214 13:53:34.678"/>
</kw>
<status status="FAIL" starttime="20230214 13:53:34.631" endtime="20230214 13:53:34.678"/>
</kw>
<status status="FAIL" starttime="20230214 13:53:34.631" endtime="20230214 13:53:34.678"/>
</kw>
<status status="FAIL" starttime="20230214 13:53:34.631" endtime="20230214 13:53:34.678"/>
</kw>
<status status="FAIL" starttime="20230214 13:53:34.630" endtime="20230214 13:53:34.679"/>
</kw>
<status status="FAIL" starttime="20230214 13:53:34.630" endtime="20230214 13:53:34.679"/>
</kw>
<status status="FAIL" starttime="20230214 13:53:34.629" endtime="20230214 13:53:34.679"/>
</kw>
<kw name="Set Variable" library="BuiltIn">
<arg>${timeout}</arg>
<doc>Returns the given values which can then be assigned to a variables.</doc>
<status status="NOT RUN" starttime="20230214 13:53:34.679" endtime="20230214 13:53:34.679"/>
</kw>
<for flavor="IN RANGE">
<var>${counter}</var>
<value>${timeout}</value>
<iter>
<var name="${counter}"/>
<kw name="Run Keyword If" library="BuiltIn">
<arg>'${counter}' == '${timeout}'</arg>
<arg>Exit For Loop</arg>
<doc>Runs the given keyword with the given arguments, if ``condition`` is true.</doc>
<status status="NOT RUN" starttime="20230214 13:53:34.679" endtime="20230214 13:53:34.679"/>
</kw>
<kw name="Get WebElement" library="SeleniumLibrary">
<var>${element}</var>
<arg>${locator}</arg>
<doc>Returns the first WebElement matching the given ``locator``.</doc>
<status status="NOT RUN" starttime="20230214 13:53:34.679" endtime="20230214 13:53:34.679"/>
</kw>
<kw name="Run Keyword If" library="BuiltIn">
<arg>'${element}' != 'None'</arg>
<arg>Exit For Loop</arg>
<doc>Runs the given keyword with the given arguments, if ``condition`` is true.</doc>
<status status="NOT RUN" starttime="20230214 13:53:34.679" endtime="20230214 13:53:34.680"/>
</kw>
<kw name="Sleep" library="BuiltIn">
<arg>1s</arg>
<doc>Pauses the test executed for the given time.</doc>
<status status="NOT RUN" starttime="20230214 13:53:34.680" endtime="20230214 13:53:34.680"/>
</kw>
<status status="NOT RUN" starttime="20230214 13:53:34.679" endtime="20230214 13:53:34.680"/>
</iter>
<status status="NOT RUN" starttime="20230214 13:53:34.679" endtime="20230214 13:53:34.680"/>
</for>
<kw name="Fail" library="BuiltIn">
<arg>Element not found</arg>
<doc>Fails the test with the given message and optionally alters its tags.</doc>
<status status="NOT RUN" starttime="20230214 13:53:34.680" endtime="20230214 13:53:34.680"/>
</kw>
<status status="FAIL" starttime="20230214 13:53:34.629" endtime="20230214 13:53:34.680"/>
</kw>
<kw name="Call Method" library="BuiltIn">
<var>${elements}</var>
<arg>${browser}</arg>
<arg>find_elements_by_xpath</arg>
<arg>${locator}</arg>
<doc>Calls the named method of the given object with the provided arguments.</doc>
<status status="NOT RUN" starttime="20230214 13:53:34.680" endtime="20230214 13:53:34.680"/>
</kw>
<status status="FAIL" starttime="20230214 13:53:34.628" endtime="20230214 13:53:34.680"/>
</kw>
<kw name="Get WebElements">
<var>${zajezdyLMall}</var>
<arg>${browser}</arg>
<arg>//[@class='page-tour']</arg>
<status status="NOT RUN" starttime="20230214 13:53:34.681" endtime="20230214 13:53:34.681"/>
</kw>
<kw name="Run Keyword If" library="BuiltIn">
<arg>'${zajezdyLMsingle}'!=''</arg>
<arg>Should Be Visible</arg>
<arg>${zajezdyLMsingle}[0]</arg>
<doc>Runs the given keyword with the given arguments, if ``condition`` is true.</doc>
<status status="NOT RUN" starttime="20230214 13:53:34.681" endtime="20230214 13:53:34.681"/>
</kw>
<for flavor="IN">
<var>${element}</var>
<value>@{zajezdyLMall}</value>
<iter>
<var name="${element}"/>
<kw name="Run Keyword" library="BuiltIn">
<arg>Should Be Visible</arg>
<arg>${element}</arg>
<doc>Executes the given keyword with the given arguments.</doc>
<status status="NOT RUN" starttime="20230214 13:53:34.681" endtime="20230214 13:53:34.681"/>
</kw>
<status status="NOT RUN" starttime="20230214 13:53:34.681" endtime="20230214 13:53:34.681"/>
</iter>
<status status="NOT RUN" starttime="20230214 13:53:34.681" endtime="20230214 13:53:34.681"/>
</for>
<kw name="Get WebElements">
<var>${rozbal}</var>
<arg>${browser}</arg>
<arg>//[@class='page-tour-cell page-tour-control']</arg>
<status status="NOT RUN" starttime="20230214 13:53:34.681" endtime="20230214 13:53:34.682"/>
</kw>
<kw name="Run Keyword If" library="BuiltIn">
<arg>'${rozbal}'!=''</arg>
<arg>Should Be Visible</arg>
<arg>${rozbal}[0]</arg>
<doc>Runs the given keyword with the given arguments, if ``condition`` is true.</doc>
<status status="NOT RUN" starttime="20230214 13:53:34.682" endtime="20230214 13:53:34.682"/>
</kw>
<kw name="Click Element">
<arg>${rozbal}[0]</arg>
<status status="NOT RUN" starttime="20230214 13:53:34.682" endtime="20230214 13:53:34.682"/>
</kw>
<kw name="Sleep" library="BuiltIn">
<arg>2s</arg>
<doc>Pauses the test executed for the given time.</doc>
<status status="NOT RUN" starttime="20230214 13:53:34.682" endtime="20230214 13:53:34.682"/>
</kw>
<kw name="Get WebElements">
<var>${rozbalenyZajezd}</var>
<arg>${browser}</arg>
<arg>//[@class='page-tour-hotel-name']</arg>
<status status="NOT RUN" starttime="20230214 13:53:34.682" endtime="20230214 13:53:34.682"/>
</kw>
<kw name="Get WebElements">
<var>${rozbalenyZajezdAll}</var>
<arg>${browser}</arg>
<arg>//*[@class='page-tour-hotel-name']</arg>
<status status="NOT RUN" starttime="20230214 13:53:34.683" endtime="20230214 13:53:34.683"/>
</kw>
<kw name="Run Keyword If" library="BuiltIn">
<arg>'${rozbalenyZajezd}'!=''</arg>
<arg>Should Be Visible</arg>
<arg>${rozbalenyZajezd}[0]</arg>
<doc>Runs the given keyword with the given arguments, if ``condition`` is true.</doc>
<status status="NOT RUN" starttime="20230214 13:53:34.683" endtime="20230214 13:53:34.683"/>
</kw>
<status status="FAIL" starttime="20230214 13:53:18.870" endtime="20230214 13:53:34.683">Maximum limit of started keywords and control structures exceeded.</status>
</test>
<status status="FAIL" starttime="20230214 13:53:18.634" endtime="20230214 13:53:34.684"/>
</suite>
<statistics>
<total>
<stat pass="0" fail="1" skip="0">All Tests</stat>
</total>
<tag>
</tag>
<suite>
<stat pass="0" fail="1" skip="0" id="s1" name="LAST MINUTE D">LAST MINUTE D</stat>
</suite>
</statistics>
<errors>
<msg timestamp="20230214 13:53:18.627" level="ERROR">Importing model modifier 'robot.libraries.BuiltIn.RobotPreRunModifier' failed: Module 'robot.libraries.BuiltIn' does not contain 'RobotPreRunModifier'.</msg>
</errors>
</robot>
