<?xml version="1.0" encoding="UTF-8"?>
<robot generator="Robot 6.0.2 (Python 3.10.4 on win32)" generated="20230213 21:08:08.115" rpa="false" schemaversion="3">
<suite id="s1" name="LAST MINUTE D" source="C:\Users\KDK\Desktop\Robot_Start\LAST_MINUTE_D.robot">
<test id="s1-t1" name="Test LM is Displayed" line="56">
<kw name="Open Browser">
<arg>${URL_lm}</arg>
<arg>${BROWSER}</arg>
<msg timestamp="20230213 21:08:08.446" level="FAIL">Variable '${URL_lm}' not found. Did you mean:
    ${null}</msg>
<status status="FAIL" starttime="20230213 21:08:08.445" endtime="20230213 21:08:08.446"/>
</kw>
<kw name="Maximize Browser Window" library="SeleniumLibrary">
<doc>Maximizes current browser window.</doc>
<status status="NOT RUN" starttime="20230213 21:08:08.446" endtime="20230213 21:08:08.447"/>
</kw>
<kw name="Sleep" library="BuiltIn">
<arg>10.5</arg>
<doc>Pauses the test executed for the given time.</doc>
<status status="NOT RUN" starttime="20230213 21:08:08.447" endtime="20230213 21:08:08.447"/>
</kw>
<kw name="Get WebElements">
<var>${zajezdyLMsingle}</var>
<arg>${BROWSER}</arg>
<arg>//[@class='page-tour']</arg>
<status status="NOT RUN" starttime="20230213 21:08:08.447" endtime="20230213 21:08:08.447"/>
</kw>
<kw name="Get WebElements">
<var>${zajezdyLMall}</var>
<arg>${BROWSER}</arg>
<arg>//[@class='page-tour']</arg>
<status status="NOT RUN" starttime="20230213 21:08:08.447" endtime="20230213 21:08:08.448"/>
</kw>
<kw name="Run Keyword If" library="BuiltIn">
<arg>'${zajezdyLMsingle}'!=''</arg>
<arg>Should Be Visible</arg>
<arg>${zajezdyLMsingle}[0]</arg>
<doc>Runs the given keyword with the given arguments, if ``condition`` is true.</doc>
<status status="NOT RUN" starttime="20230213 21:08:08.448" endtime="20230213 21:08:08.448"/>
</kw>
<for flavor="IN">
<var>${element}</var>
<value>@{zajezdyLMall}</value>
<iter>
<var name="${element}"/>
<kw name="Run Keyword" library="BuiltIn">
<arg>Should Be Visible</arg>
<arg>${element}</arg>
<doc>Executes the given keyword with the given arguments.</doc>
<status status="NOT RUN" starttime="20230213 21:08:08.449" endtime="20230213 21:08:08.449"/>
</kw>
<status status="NOT RUN" starttime="20230213 21:08:08.448" endtime="20230213 21:08:08.449"/>
</iter>
<status status="NOT RUN" starttime="20230213 21:08:08.448" endtime="20230213 21:08:08.449"/>
</for>
<kw name="Get WebElements">
<var>${rozbal}</var>
<arg>${BROWSER}</arg>
<arg>//[@class='page-tour-cell page-tour-control']</arg>
<status status="NOT RUN" starttime="20230213 21:08:08.449" endtime="20230213 21:08:08.449"/>
</kw>
<kw name="Run Keyword If" library="BuiltIn">
<arg>'${rozbal}'!=''</arg>
<arg>Should Be Visible</arg>
<arg>${rozbal}[0]</arg>
<doc>Runs the given keyword with the given arguments, if ``condition`` is true.</doc>
<status status="NOT RUN" starttime="20230213 21:08:08.449" endtime="20230213 21:08:08.450"/>
</kw>
<kw name="Click Element">
<arg>${rozbal}[0]</arg>
<status status="NOT RUN" starttime="20230213 21:08:08.450" endtime="20230213 21:08:08.450"/>
</kw>
<kw name="Sleep" library="BuiltIn">
<arg>2</arg>
<doc>Pauses the test executed for the given time.</doc>
<status status="NOT RUN" starttime="20230213 21:08:08.450" endtime="20230213 21:08:08.450"/>
</kw>
<kw name="Get WebElements">
<var>${rozbalenyZajezd}</var>
<arg>${BROWSER}</arg>
<arg>//[@class='page-tour-hotel-name']</arg>
<status status="NOT RUN" starttime="20230213 21:08:08.450" endtime="20230213 21:08:08.452"/>
</kw>
<kw name="Get WebElements">
<var>${rozbalenyZajezdAll}</var>
<arg>${BROWSER}</arg>
<arg>//*[@class='page-tour-hotel-name']</arg>
<status status="NOT RUN" starttime="20230213 21:08:08.452" endtime="20230213 21:08:08.452"/>
</kw>
<kw name="Run Keyword If" library="BuiltIn">
<arg>'${rozbalenyZajezd}'!=''</arg>
<arg>Should Be Visible</arg>
<arg>${rozbalenyZajezd}[0]</arg>
<doc>Runs the given keyword with the given arguments, if ``condition`` is true.</doc>
<status status="NOT RUN" starttime="20230213 21:08:08.453" endtime="20230213 21:08:08.453"/>
</kw>
<status status="FAIL" starttime="20230213 21:08:08.444" endtime="20230213 21:08:08.453">Variable '${URL_lm}' not found. Did you mean:
    ${null}</status>
</test>
<status status="FAIL" starttime="20230213 21:08:08.120" endtime="20230213 21:08:08.454"/>
</suite>
<statistics>
<total>
<stat pass="0" fail="1" skip="0">All Tests</stat>
</total>
<tag>
</tag>
<suite>
<stat pass="0" fail="1" skip="0" id="s1" name="LAST MINUTE D">LAST MINUTE D</stat>
</suite>
</statistics>
<errors>
<msg timestamp="20230213 21:08:08.121" level="ERROR">Error in file 'C:\Users\KDK\Desktop\Robot_Start\LAST_MINUTE_D.robot' on line 49: Creating keyword 'Click Element' failed: Keyword with same name defined multiple times.</msg>
</errors>
</robot>
